Unity/build/outputs/logs/manifest-merger-debug-report.txt
-- Merging decision tree log ---
manifest
ADDED from src/main/AndroidManifest.xml:2:1-25:12
INJECTED from src/main/AndroidManifest.xml:2:1-25:12
INJECTED from src/main/AndroidManifest.xml:2:1-25:12
INJECTED from src/main/AndroidManifest.xml:2:1-25:12
INJECTED from src/main/AndroidManifest.xml:2:1-25:12
INJECTED from src/main/AndroidManifest.xml:2:1-25:12
INJECTED from src/main/AndroidManifest.xml:2:1-25:12
	package
		ADDED from src/main/AndroidManifest.xml:2:70-101
		INJECTED from src/main/AndroidManifest.xml
		INJECTED from src/main/AndroidManifest.xml
	android:versionName
		ADDED from src/main/AndroidManifest.xml:2:149-174
		INJECTED from src/main/AndroidManifest.xml
		INJECTED from src/main/AndroidManifest.xml
	xmlns:tools
		ADDED from src/main/AndroidManifest.xml:2:102-148
	xmlns:android
		ADDED from src/main/AndroidManifest.xml:2:11-69
	android:versionCode
		ADDED from src/main/AndroidManifest.xml:2:175-198
		INJECTED from src/main/AndroidManifest.xml
		INJECTED from src/main/AndroidManifest.xml
	android:installLocation
		ADDED from src/main/AndroidManifest.xml:2:199-239
supports-screens
ADDED from src/main/AndroidManifest.xml:3:3-163
	android:largeScreens
		ADDED from src/main/AndroidManifest.xml:3:78-105
	android:smallScreens
		ADDED from src/main/AndroidManifest.xml:3:21-48
	android:normalScreens
		ADDED from src/main/AndroidManifest.xml:3:49-77
	android:xlargeScreens
		ADDED from src/main/AndroidManifest.xml:3:106-134
	android:anyDensity
		ADDED from src/main/AndroidManifest.xml:3:135-160
uses-feature#0x00020000
ADDED from src/main/AndroidManifest.xml:5:3-52
	android:glEsVersion
		ADDED from src/main/AndroidManifest.xml:5:17-49
uses-permission#android.permission.INTERNET
ADDED from src/main/AndroidManifest.xml:6:3-65
	android:name
		ADDED from src/main/AndroidManifest.xml:6:20-62
uses-feature#android.hardware.touchscreen
ADDED from src/main/AndroidManifest.xml:7:3-88
	android:required
		ADDED from src/main/AndroidManifest.xml:7:61-85
	android:name
		ADDED from src/main/AndroidManifest.xml:7:17-60
uses-feature#android.hardware.touchscreen.multitouch
ADDED from src/main/AndroidManifest.xml:8:3-99
	android:required
		ADDED from src/main/AndroidManifest.xml:8:72-96
	android:name
		ADDED from src/main/AndroidManifest.xml:8:17-71
uses-feature#android.hardware.touchscreen.multitouch.distinct
ADDED from src/main/AndroidManifest.xml:9:3-108
	android:required
		ADDED from src/main/AndroidManifest.xml:9:81-105
	android:name
		ADDED from src/main/AndroidManifest.xml:9:17-80
application
ADDED from src/main/AndroidManifest.xml:10:3-23:15
	android:label
		ADDED from src/main/AndroidManifest.xml:10:92-124
	android:icon
		ADDED from src/main/AndroidManifest.xml:10:58-91
	android:banner
		ADDED from src/main/AndroidManifest.xml:10:147-184
	android:theme
		ADDED from src/main/AndroidManifest.xml:10:16-57
	android:isGame
		ADDED from src/main/AndroidManifest.xml:10:125-146
activity#com.FeffJishers.Unity.UnityPlayerActivity
ADDED from src/main/AndroidManifest.xml:11:3-18:14
	android:screenOrientation
		ADDED from src/main/AndroidManifest.xml:11:46-84
	android:label
		ADDED from src/main/AndroidManifest.xml:11:13-45
	android:launchMode
		ADDED from src/main/AndroidManifest.xml:11:85-116
	android:configChanges
		ADDED from src/main/AndroidManifest.xml:11:117-298
	android:name
		ADDED from src/main/AndroidManifest.xml:11:299-355
meta-data#unityplayer.UnityActivity
ADDED from src/main/AndroidManifest.xml:17:5-80
	android:value
		ADDED from src/main/AndroidManifest.xml:17:57-77
	android:name
		ADDED from src/main/AndroidManifest.xml:17:16-56
meta-data#unity.build-id
ADDED from src/main/AndroidManifest.xml:19:3-99
	android:value
		ADDED from src/main/AndroidManifest.xml:19:44-96
	android:name
		ADDED from src/main/AndroidManifest.xml:19:14-43
meta-data#unity.splash-mode
ADDED from src/main/AndroidManifest.xml:20:3-67
	android:value
		ADDED from src/main/AndroidManifest.xml:20:47-64
	android:name
		ADDED from src/main/AndroidManifest.xml:20:14-46
meta-data#unity.splash-enable
ADDED from src/main/AndroidManifest.xml:21:3-72
	android:value
		ADDED from src/main/AndroidManifest.xml:21:49-69
	android:name
		ADDED from src/main/AndroidManifest.xml:21:14-48
meta-data#android.max_aspect
ADDED from src/main/AndroidManifest.xml:22:3-70
	android:value
		ADDED from src/main/AndroidManifest.xml:22:48-67
	android:name
		ADDED from src/main/AndroidManifest.xml:22:14-47
uses-sdk
INJECTED from src/main/AndroidManifest.xml reason: use-sdk injection requested
INJECTED from src/main/AndroidManifest.xml
INJECTED from src/main/AndroidManifest.xml
	android:targetSdkVersion
		INJECTED from src/main/AndroidManifest.xml
		ADDED from src/main/AndroidManifest.xml
		INJECTED from src/main/AndroidManifest.xml